<?xml version="1.0" encoding="UTF-8"?>
<!-- Generated by org.testng.reporters.JUnitReportReporter -->
<testsuite skipped="0" hostname="Digvijay" name="com.Ceipal_WF_TestCases.WF_Ceipal_LoginPageTest" tests="1" failures="0" timestamp="18 Aug 2018 03:09:28 GMT" time="43.300" errors="0">
  <testcase name="ValidateTitle" time="43.300" classname="com.Ceipal_WF_TestCases.WF_Ceipal_LoginPageTest"/>
</testsuite> <!-- com.Ceipal_WF_TestCases.WF_Ceipal_LoginPageTest -->
